Build started 08/01/2017 1:45:15 AM.
     1>Project "D:\PlanetCollision\PlanetCollision.vcxproj" on node 2 (Build target(s)).
     1>ClCompile:
         C:\Program Files (x86)\Microsoft Visual Studio 12.0\VC\bin\CL.exe /c /I"C:\Program Files (x86)\Microsoft DirectX SDK (June 2010)\\Include" /ZI /nologo /W3 /WX- /Od /Oy- /D _MBCS /Gm /EHsc /RTC1 /MDd /GS /fp:precise /Zc:wchar_t /Zc:forScope /Fo"Debug\\" /Fd"Debug\vc120.pdb" /Gd /TP /analyze- /errorReport:prompt spacewar.cpp
         spacewar.cpp
     1>d:\planetcollision\constants.h(93): warning C4244: 'initializing' : conversion from 'double' to 'const int', possible loss of data
     1>d:\planetcollision\constants.h(94): warning C4244: 'initializing' : conversion from 'double' to 'const int', possible loss of data
     1>d:\planetcollision\character.h(16): warning C4244: 'initializing' : conversion from 'float' to 'const int', possible loss of data
     1>d:\planetcollision\spacewar.cpp(103): warning C4244: 'argument' : conversion from 'int' to 'float', possible loss of data
       Link:
         C:\Program Files (x86)\Microsoft Visual Studio 12.0\VC\bin\link.exe /ERRORREPORT:PROMPT /OUT:"D:\PlanetCollision\Debug\PlanetCollision.exe" /NOLOGO /LIBPATH:"C:\Program Files (x86)\Microsoft DirectX SDK (June 2010)\\Lib\x86" d3d9.lib d3dx9.lib winmm.lib xinput.lib kernel32.lib user32.lib gdi32.lib winspool.lib comdlg32.lib advapi32.lib shell32.lib ole32.lib oleaut32.lib uuid.lib odbc32.lib odbccp32.lib /MANIFEST /MANIFESTUAC:"level='asInvoker' uiAccess='false'" /manifest:embed /DEBUG /PDB:"D:\PlanetCollision\Debug\PlanetCollision.pdb" /TLBID:1 /DYNAMICBASE /NXCOMPAT /IMPLIB:"D:\PlanetCollision\Debug\PlanetCollision.lib" /MACHINE:X86 /SAFESEH Debug\Character.obj
         Debug\entity.obj
         Debug\game.obj
         Debug\graphics.obj
         Debug\image.obj
         Debug\input.obj
         Debug\Snow.obj
         Debug\sounds.obj
         Debug\spacewar.obj
         Debug\Draw.obj
         Debug\textDX.obj
         Debug\textureManager.obj
         Debug\winmain.obj
         PlanetCollision.vcxproj -> D:\PlanetCollision\Debug\PlanetCollision.exe
     1>Done Building Project "D:\PlanetCollision\PlanetCollision.vcxproj" (Build target(s)).

Build succeeded.

Time Elapsed 00:00:01.17
